Running: fuse.exe -relaunch -intstyle "ise" -incremental -lib "unisims_ver" -lib "unimacro_ver" -lib "xilinxcorelib_ver" -o "C:/Users/nimer/Documents/ram16/FPGA/ram16/SyncRAM_Test_isim_beh.exe" -prj "C:/Users/nimer/Documents/ram16/FPGA/ram16/SyncRAM_Test_beh.prj" "work.SyncRAM_Test" "work.glbl" 
ISim P.20131013 (signature 0x8ef4fb42)
Number of CPUs detected in this system: 1
Turning on mult-threading, number of parallel sub-compilation jobs: 0 
Determining compilation order of HDL files
Analyzing Verilog file "C:/Users/nimer/Documents/ram16/FPGA/ram16/SyncRAM.v" into library work
Analyzing Verilog file "C:/Users/nimer/Documents/ram16/FPGA/ram16/SyncRAM_Test.v" into library work
Analyzing Verilog file "C:/Xilinx/14.7/ISE_DS/ISE//verilog/src/glbl.v" into library work
Starting static elaboration
Completed static elaboration
Fuse Memory Usage: 102764 KB
Fuse CPU Usage: 217 ms
Compiling module SyncRAM
Compiling module SyncRAM_Test
Compiling module glbl
Time Resolution for simulation is 1ps.
Compiled 3 Verilog Units
Built simulation executable C:/Users/nimer/Documents/ram16/FPGA/ram16/SyncRAM_Test_isim_beh.exe
Fuse Memory Usage: 106328 KB
Fuse CPU Usage: 233 ms
