--------------------------------------------------------------------------------
Release 14.7 Trace  (nt)
Copyright (c) 1995-2013 Xilinx, Inc.  All rights reserved.

C:\Xilinx\14.7\ISE_DS\ISE\bin\nt\unwrapped\trce.exe -intstyle ise -v 3 -s 5 -n
3 -fastpaths -xml SyncRAM_Main.twx SyncRAM_Main.ncd -o SyncRAM_Main.twr
SyncRAM_Main.pcf

Design file:              SyncRAM_Main.ncd
Physical constraint file: SyncRAM_Main.pcf
Device,package,speed:     xc3s500e,ft256,-5 (PRODUCTION 1.27 2013-10-13)
Report level:             verbose report

Environment Variable      Effect 
--------------------      ------ 
NONE                      No environment variables were set
--------------------------------------------------------------------------------

INFO:Timing:2698 - No timing constraints found, doing default enumeration.
INFO:Timing:3412 - To improve timing, see the Timing Closure User Guide (UG612).
INFO:Timing:2752 - To get complete path coverage, use the unconstrained paths 
   option. All paths that are not constrained will be reported in the 
   unconstrained paths section(s) of the report.
INFO:Timing:3339 - The clock-to-out numbers in this timing report are based on 
   a 50 Ohm transmission line loading model.  For the details of this model, 
   and for more information on accounting for different loading conditions, 
   please see the device datasheet.
INFO:Timing:3390 - This architecture does not support a default System Jitter 
   value, please add SYSTEM_JITTER constraint to the UCF to modify the Clock 
   Uncertainty calculation.
INFO:Timing:3389 - This architecture does not support 'Discrete Jitter' and 
   'Phase Error' calculations, these terms will be zero in the Clock 
   Uncertainty calculation.  Please make appropriate modification to 
   SYSTEM_JITTER to account for the unsupported Discrete Jitter and Phase 
   Error.



Data Sheet report:
-----------------
All values displayed in nanoseconds (ns)

Setup/Hold to clock clk
------------+------------+------------+------------------+--------+
            |Max Setup to|Max Hold to |                  | Clock  |
Source      | clk (edge) | clk (edge) |Internal Clock(s) | Phase  |
------------+------------+------------+------------------+--------+
address<0>  |    0.260(R)|    1.410(R)|clk_BUFGP         |   0.000|
address<1>  |    0.769(R)|    1.003(R)|clk_BUFGP         |   0.000|
address<2>  |    0.083(R)|    1.552(R)|clk_BUFGP         |   0.000|
address<3>  |    1.191(R)|    0.666(R)|clk_BUFGP         |   0.000|
data_in<0>  |    0.166(R)|    1.284(R)|clk_BUFGP         |   0.000|
data_in<1>  |   -0.095(R)|    1.492(R)|clk_BUFGP         |   0.000|
data_in<2>  |   -0.070(R)|    1.472(R)|clk_BUFGP         |   0.000|
data_in<3>  |    0.029(R)|    1.393(R)|clk_BUFGP         |   0.000|
we          |    0.984(R)|    0.987(R)|clk_BUFGP         |   0.000|
------------+------------+------------+------------------+--------+

Clock clk to Pad
------------+------------+------------------+--------+
            | clk (edge) |                  | Clock  |
Destination |   to PAD   |Internal Clock(s) | Phase  |
------------+------------+------------------+--------+
data_out<0> |    7.017(R)|clk_BUFGP         |   0.000|
data_out<1> |    7.004(R)|clk_BUFGP         |   0.000|
data_out<2> |    7.222(R)|clk_BUFGP         |   0.000|
data_out<3> |    6.484(R)|clk_BUFGP         |   0.000|
------------+------------+------------------+--------+


Analysis completed Mon Aug 08 02:31:51 2016 
--------------------------------------------------------------------------------

Trace Settings:
-------------------------
Trace Settings 

Peak Memory Usage: 117 MB



